[1101/222217:ERROR:renderer_main.cc(203)] Running without renderer sandbox
[1101/222217:ERROR:block_files.cc(477)] Failed to open C:\Users\Dream\AppData\Local\Tencent\Minibrowser\UserData\data_0
[1101/222217:ERROR:cache_util_win.cc(20)] Unable to move the cache: 5
[1101/222217:ERROR:cache_util.cc(132)] Unable to move cache folder C:\Users\Dream\AppData\Local\Tencent\Minibrowser\UserData to C:\Users\Dream\AppData\Local\Tencent\Minibrowser\old_UserData_000
[1101/222217:ERROR:cache_creator.cc(133)] Unable to create cache
[1101/222219:INFO:CONSOLE(8)] "The key "viewport-fit" is not recognized and ignored.", source: https://m.weibo.cn/status/4301238731007546?sourceType=qq&from=108A295010&wm=20005_0002&featurecode=newtitle (8)
[1101/222220:ERROR:child_discardable_shared_memory_manager.cc(266)] size: 4194304
[1101/222220:INFO:CONSOLE(0)] "Mixed Content: The page at 'https://m.weibo.cn/status/4301238731007546?sourceType=qq&from=108A295010&wm=20005_0002&featurecode=newtitle' was loaded over HTTPS, but requested an insecure image 'http://thefatherofsalmon.com/?i=com.sina.weibo.quickapp&p=WBDetail&a=blog_id%3D4301238731007546%26luicode%3D10000493%26lfid%3D20005_0002'. This content should also be served over HTTPS.", source: https://m.weibo.cn/status/4301238731007546?sourceType=qq&from=108A295010&wm=20005_0002&featurecode=newtitle (0)
[1101/222224:INFO:CONSOLE(1)] "Uncaught (in promise) TypeError: Cannot read property 'postMessage' of null", source: https://m.weibo.cn/static/pwa/sw-registration.js (1)
[1101/222539:ERROR:audio_low_latency_output_win.cc(181)] Bailing out due to non-perfect timing.  Buffer size of 480 is not an even divisor of 1056
[1101/222542:INFO:CONSOLE(0)] "Mixed Content: The page at 'https://m.weibo.cn/status/4301238731007546?sourceType=qq&from=108A295010&wm=20005_0002&featurecode=newtitle#&video' was loaded over HTTPS, but requested an insecure image 'http://m.weibo.cn/h5logs/actionLog?type=pic&act_code=2632&ext=startplay_time:89|valid_play_duration:3121|playduration:3121|duration:137|play_time:2018-11-01%2022:25:39|oid:1034%3A4301238666213979|sid:22b03bec85a9444aad7f7385352f8c16&t=1541082342576'. This content should also be served over HTTPS.", source: https://m.weibo.cn/status/4301238731007546?sourceType=qq&from=108A295010&wm=20005_0002&featurecode=newtitle#&video (0)
[1101/222554:INFO:CONSOLE(0)] "Mixed Content: The page at 'https://m.weibo.cn/status/4301238731007546?sourceType=qq&from=108A295010&wm=20005_0002&featurecode=newtitle#&video' was loaded over HTTPS, but requested an insecure image 'http://m.weibo.cn/h5logs/actionLog?type=pic&act_code=2632&ext=startplay_time:89|valid_play_duration:12245|playduration:15367|duration:137|play_time:2018-11-01%2022:25:39|oid:1034%3A4301238666213979|sid:22b03bec85a9444aad7f7385352f8c16&t=1541082354852'. This content should also be served over HTTPS.", source: https://m.weibo.cn/status/4301238731007546?sourceType=qq&from=108A295010&wm=20005_0002&featurecode=newtitle#&video (0)
[1101/223316:INFO:CONSOLE(0)] "Mixed Content: The page at 'https://m.weibo.cn/status/4301238731007546?sourceType=qq&from=108A295010&wm=20005_0002&featurecode=newtitle#&video' was loaded over HTTPS, but requested an insecure image 'http://m.weibo.cn/h5logs/actionLog?type=pic&act_code=2632&ext=startplay_time:89|valid_play_duration:17242|playduration:32766|duration:137|play_time:2018-11-01%2022:25:39|oid:1034%3A4301238666213979|sid:22b03bec85a9444aad7f7385352f8c16&t=1541082796405'. This content should also be served over HTTPS.", source: https://m.weibo.cn/status/4301238731007546?sourceType=qq&from=108A295010&wm=20005_0002&featurecode=newtitle#&video (0)
[1101/223413:INFO:CONSOLE(0)] "Mixed Content: The page at 'https://m.weibo.cn/status/4301238731007546?sourceType=qq&from=108A295010&wm=20005_0002&featurecode=newtitle#&video' was loaded over HTTPS, but requested an insecure image 'http://m.weibo.cn/h5logs/actionLog?type=pic&act_code=2632&ext=startplay_time:89|valid_play_duration:603|playduration:33530|duration:137|play_time:2018-11-01%2022:25:39|oid:1034%3A4301238666213979|sid:22b03bec85a9444aad7f7385352f8c16&t=1541082853995'. This content should also be served over HTTPS.", source: https://m.weibo.cn/status/4301238731007546?sourceType=qq&from=108A295010&wm=20005_0002&featurecode=newtitle#&video (0)
[1101/223444:INFO:CONSOLE(0)] "Mixed Content: The page at 'https://m.weibo.cn/status/4301238731007546?sourceType=qq&from=108A295010&wm=20005_0002&featurecode=newtitle#&video' was loaded over HTTPS, but requested an insecure image 'http://m.weibo.cn/h5logs/actionLog?type=pic&act_code=2632&ext=startplay_time:89|valid_play_duration:30035|playduration:63565|duration:137|play_time:2018-11-01%2022:25:39|oid:1034%3A4301238666213979|sid:22b03bec85a9444aad7f7385352f8c16&t=1541082884009'. This content should also be served over HTTPS.", source: https://m.weibo.cn/status/4301238731007546?sourceType=qq&from=108A295010&wm=20005_0002&featurecode=newtitle#&video (0)
[1101/223454:INFO:CONSOLE(0)] "Mixed Content: The page at 'https://m.weibo.cn/status/4301238731007546?sourceType=qq&from=108A295010&wm=20005_0002&featurecode=newtitle#&video' was loaded over HTTPS, but requested an insecure image 'http://m.weibo.cn/h5logs/actionLog?type=pic&act_code=2632&ext=startplay_time:89|valid_play_duration:10282|playduration:73847|duration:137|play_time:2018-11-01%2022:25:39|oid:1034%3A4301238666213979|sid:22b03bec85a9444aad7f7385352f8c16&t=1541082894308'. This content should also be served over HTTPS.", source: https://m.weibo.cn/status/4301238731007546?sourceType=qq&from=108A295010&wm=20005_0002&featurecode=newtitle#&video (0)
[1101/223602:INFO:CONSOLE(0)] "Mixed Content: The page at 'https://m.weibo.cn/status/4301238731007546?sourceType=qq&from=108A295010&wm=20005_0002&featurecode=newtitle#&video' was loaded over HTTPS, but requested an insecure image 'http://m.weibo.cn/h5logs/actionLog?type=pic&act_code=2632&ext=startplay_time:89|valid_play_duration:19802|playduration:93809|duration:137|play_time:2018-11-01%2022:25:39|oid:1034%3A4301238666213979|sid:22b03bec85a9444aad7f7385352f8c16&t=1541082962088'. This content should also be served over HTTPS.", source: https://m.weibo.cn/status/4301238731007546?sourceType=qq&from=108A295010&wm=20005_0002&featurecode=newtitle#&video (0)
[1101/223615:INFO:CONSOLE(0)] "Mixed Content: The page at 'https://m.weibo.cn/status/4301238731007546?sourceType=qq&from=108A295010&wm=20005_0002&featurecode=newtitle#&video' was loaded over HTTPS, but requested an insecure image 'http://m.weibo.cn/h5logs/actionLog?type=pic&act_code=2632&ext=startplay_time:89|valid_play_duration:13096|playduration:106906|duration:137|play_time:2018-11-01%2022:25:39|oid:1034%3A4301238666213979|sid:22b03bec85a9444aad7f7385352f8c16&t=1541082975185'. This content should also be served over HTTPS.", source: https://m.weibo.cn/status/4301238731007546?sourceType=qq&from=108A295010&wm=20005_0002&featurecode=newtitle#&video (0)
[1101/223724:INFO:CONSOLE(0)] "Mixed Content: The page at 'https://m.weibo.cn/status/4301238731007546?sourceType=qq&from=108A295010&wm=20005_0002&featurecode=newtitle#&video' was loaded over HTTPS, but requested an insecure image 'http://m.weibo.cn/h5logs/actionLog?type=pic&act_code=2632&ext=startplay_time:89|valid_play_duration:17155|playduration:124226|duration:137|play_time:2018-11-01%2022:25:39|oid:1034%3A4301238666213979|sid:22b03bec85a9444aad7f7385352f8c16&t=1541083044106'. This content should also be served over HTTPS.", source: https://m.weibo.cn/status/4301238731007546?sourceType=qq&from=108A295010&wm=20005_0002&featurecode=newtitle#&video (0)
[1101/223737:INFO:CONSOLE(0)] "Mixed Content: The page at 'https://m.weibo.cn/status/4301238731007546?sourceType=qq&from=108A295010&wm=20005_0002&featurecode=newtitle#&video' was loaded over HTTPS, but requested an insecure image 'http://m.weibo.cn/h5logs/actionLog?type=pic&act_code=2632&ext=startplay_time:89|valid_play_duration:13107|playduration:137334|duration:137|play_time:2018-11-01%2022:25:39|oid:1034%3A4301238666213979|sid:22b03bec85a9444aad7f7385352f8c16&t=1541083057202'. This content should also be served over HTTPS.", source: https://m.weibo.cn/status/4301238731007546?sourceType=qq&from=108A295010&wm=20005_0002&featurecode=newtitle#&video (0)
[1103/145546:ERROR:renderer_main.cc(203)] Running without renderer sandbox
[1103/145546:ERROR:block_files.cc(477)] Failed to open C:\Users\Dream\AppData\Local\Tencent\Minibrowser\UserData\data_0
[1103/145546:ERROR:cache_util_win.cc(20)] Unable to move the cache: 5
[1103/145546:ERROR:cache_util.cc(132)] Unable to move cache folder C:\Users\Dream\AppData\Local\Tencent\Minibrowser\UserData to C:\Users\Dream\AppData\Local\Tencent\Minibrowser\old_UserData_000
[1103/145546:ERROR:cache_creator.cc(133)] Unable to create cache
[1103/145546:INFO:CONSOLE(8)] "The key "viewport-fit" is not recognized and ignored.", source: https://m.weibo.cn/u/1773589142?from=1089095010&wm=9006_2001&sourceType=qq&uid=6032199767 (8)
[1103/145547:ERROR:child_discardable_shared_memory_manager.cc(266)] size: 4194304
[1103/145548:INFO:CONSOLE(0)] "Mixed Content: The page at 'https://m.weibo.cn/u/1773589142?from=1089095010&wm=9006_2001&sourceType=qq&uid=6032199767' was loaded over HTTPS, but requested an insecure image 'http://h5.sinaimg.cn/upload/2015/06/12/2/toolbar_icon_discuss_default.png'. This content should also be served over HTTPS.", source: https://m.weibo.cn/u/1773589142?from=1089095010&wm=9006_2001&sourceType=qq&uid=6032199767 (0)
[1103/145548:INFO:CONSOLE(1)] "Uncaught (in promise) TypeError: Cannot read property 'postMessage' of null", source: https://m.weibo.cn/static/pwa/sw-registration.js (1)
[1103/145548:ERROR:child_discardable_shared_memory_manager.cc(266)] size: 4194304
[1103/145548:INFO:CONSOLE(0)] "Mixed Content: The page at 'https://m.weibo.cn/u/1773589142?from=1089095010&wm=9006_2001&sourceType=qq&uid=6032199767' was loaded over HTTPS, but requested an insecure image 'http://n.sinaimg.cn/photo/5213b46e/20180926/timeline_card_small_super_default.png'. This content should also be served over HTTPS.", source: https://m.weibo.cn/u/1773589142?from=1089095010&wm=9006_2001&sourceType=qq&uid=6032199767 (0)
[1103/145550:ERROR:child_discardable_shared_memory_manager.cc(266)] size: 4194304
[1103/145550:ERROR:child_discardable_shared_memory_manager.cc(266)] size: 4194304
[1103/145550:ERROR:child_discardable_shared_memory_manager.cc(266)] size: 4194304
[1103/145550:ERROR:child_discardable_shared_memory_manager.cc(266)] size: 4194304
[1103/145550:ERROR:child_discardable_shared_memory_manager.cc(266)] size: 4194304
[1103/145550:ERROR:child_discardable_shared_memory_manager.cc(266)] size: 4194304
[1103/145552:ERROR:child_discardable_shared_memory_manager.cc(266)] size: 12734464
[1103/145552:ERROR:child_discardable_shared_memory_manager.cc(266)] size: 12734464
